<?xml version="1.0" encoding="UTF-8"?>
<testsuite xmlns:xsi="http://www.w3.org/2001/XMLSchema-instance" xsi:noNamespaceSchemaLocation="https://maven.apache.org/surefire/maven-surefire-plugin/xsd/surefire-test-report-3.0.xsd" version="3.0" name="com.fabless.clothlogix.ClothlogixApplicationTests" time="7.907" tests="1" errors="0" skipped="0" failures="0">
  <properties>
[...]
</properties>
  <testcase name="contextLoads" classname="com.fabless.clothlogix.ClothlogixApplicationTests" time="0.989">
    <system-out><![CDATA[15:53:32.755 [main] INFO org.springframework.test.context.support.AnnotationConfigContextLoaderUtils -- Could not detect default configuration classes for test class [com.fabless.clothlogix.ClothlogixApplicationTests]: ClothlogixApplicationTests does not declare any static, non-private, non-final, nested classes annotated with @Configuration.
15:53:32.929 [main] INFO org.springframework.boot.test.context.SpringBootTestContextBootstrapper -- Found @SpringBootConfiguration com.fabless.clothlogix.ClothlogixApplication for test class com.fabless.clothlogix.ClothlogixApplicationTests

  .   ____          _            __ _ _
 /\\ / ___'_ __ _ _(_)_ __  __ _ \ \ \ \
( ( )\___ | '_ | '_| | '_ \/ _` | \ \ \ \
 \\/  ___)| |_)| | | | | || (_| |  ) ) ) )
  '  |____| .__|_| |_|_| |_\__, | / / / /
 =========|_|==============|___/=/_/_/_/
 :: Spring Boot ::                (v3.2.5)

2024-05-09T15:53:33.463+02:00  INFO 166876 --- [clothlogix] [           main] c.f.c.ClothlogixApplicationTests         : Starting ClothlogixApplicationTests using Java 19.0.2 with PID 166876 (started by salvatoresilvestri in C:\Sviluppo\workArea\clothlogix)
2024-05-09T15:53:33.465+02:00  INFO 166876 --- [clothlogix] [           main] c.f.c.ClothlogixApplicationTests         : No active profile set, falling back to 1 default profile: "default"
2024-05-09T15:53:34.543+02:00  INFO 166876 --- [clothlogix] [           main] .s.d.r.c.RepositoryConfigurationDelegate : Multiple Spring Data modules found, entering strict repository configuration mode
2024-05-09T15:53:34.545+02:00  INFO 166876 --- [clothlogix] [           main] .s.d.r.c.RepositoryConfigurationDelegate : Bootstrapping Spring Data JDBC repositories in DEFAULT mode.
2024-05-09T15:53:34.582+02:00  INFO 166876 --- [clothlogix] [           main] .s.d.r.c.RepositoryConfigurationDelegate : Finished Spring Data repository scanning in 25 ms. Found 0 JDBC repository interfaces.
2024-05-09T15:53:34.601+02:00  INFO 166876 --- [clothlogix] [           main] .s.d.r.c.RepositoryConfigurationDelegate : Multiple Spring Data modules found, entering strict repository configuration mode
2024-05-09T15:53:34.602+02:00  INFO 166876 --- [clothlogix] [           main] .s.d.r.c.RepositoryConfigurationDelegate : Bootstrapping Spring Data JPA repositories in DEFAULT mode.
2024-05-09T15:53:34.608+02:00  INFO 166876 --- [clothlogix] [           main] .s.d.r.c.RepositoryConfigurationDelegate : Finished Spring Data repository scanning in 2 ms. Found 0 JPA repository interfaces.
2024-05-09T15:53:35.419+02:00  INFO 166876 --- [clothlogix] [           main] o.hibernate.jpa.internal.util.LogHelper  : HHH000204: Processing PersistenceUnitInfo [name: default]
2024-05-09T15:53:35.548+02:00  INFO 166876 --- [clothlogix] [           main] org.hibernate.Version                    : HHH000412: Hibernate ORM core version 6.4.4.Final
2024-05-09T15:53:35.606+02:00  INFO 166876 --- [clothlogix] [           main] o.h.c.internal.RegionFactoryInitiator    : HHH000026: Second-level cache disabled
2024-05-09T15:53:36.089+02:00  INFO 166876 --- [clothlogix] [           main] o.s.o.j.p.SpringPersistenceUnitInfo      : No LoadTimeWeaver setup: ignoring JPA class transformer
2024-05-09T15:53:36.141+02:00  INFO 166876 --- [clothlogix] [           main] com.zaxxer.hikari.HikariDataSource       : HikariPool-1 - Starting...
2024-05-09T15:53:36.343+02:00  INFO 166876 --- [clothlogix] [           main] com.zaxxer.hikari.pool.HikariPool        : HikariPool-1 - Added connection com.mysql.cj.jdbc.ConnectionImpl@1231a1be
2024-05-09T15:53:36.344+02:00  INFO 166876 --- [clothlogix] [           main] com.zaxxer.hikari.HikariDataSource       : HikariPool-1 - Start completed.
2024-05-09T15:53:36.385+02:00  WARN 166876 --- [clothlogix] [           main] org.hibernate.orm.deprecation            : HHH90000025: MySQL8Dialect does not need to be specified explicitly using 'hibernate.dialect' (remove the property setting and it will be selected by default)
2024-05-09T15:53:36.386+02:00  WARN 166876 --- [clothlogix] [           main] org.hibernate.orm.deprecation            : HHH90000026: MySQL8Dialect has been deprecated; use org.hibernate.dialect.MySQLDialect instead
2024-05-09T15:53:36.819+02:00  INFO 166876 --- [clothlogix] [           main] o.h.e.t.j.p.i.JtaPlatformInitiator       : HHH000489: No JTA platform available (set 'hibernate.transaction.jta.platform' to enable JTA platform integration)
2024-05-09T15:53:36.828+02:00  INFO 166876 --- [clothlogix] [           main] j.LocalContainerEntityManagerFactoryBean : Initialized JPA EntityManagerFactory for persistence unit 'default'
2024-05-09T15:53:37.339+02:00  WARN 166876 --- [clothlogix] [           main] JpaBaseConfiguration$JpaWebConfiguration : spring.jpa.open-in-view is enabled by default. Therefore, database queries may be performed during view rendering. Explicitly configure spring.jpa.open-in-view to disable this warning
2024-05-09T15:53:39.016+02:00  WARN 166876 --- [clothlogix] [           main] .s.s.UserDetailsServiceAutoConfiguration : 

Using generated security password: 67f0884f-bfbf-43c8-b4f1-7e348ef57fa8

This generated password is for development use only. Your security configuration must be updated before running your application in production.

2024-05-09T15:53:39.327+02:00  INFO 166876 --- [clothlogix] [           main] o.s.s.web.DefaultSecurityFilterChain     : Will secure any request with [org.springframework.security.web.session.DisableEncodeUrlFilter@334d825c, org.springframework.security.web.context.request.async.WebAsyncManagerIntegrationFilter@42a7e7e1, org.springframework.security.web.context.SecurityContextHolderFilter@43cc7951, org.springframework.security.web.header.HeaderWriterFilter@2d33795c, org.springframework.web.filter.CorsFilter@e2d9923, org.springframework.security.web.csrf.CsrfFilter@a11efe6, org.springframework.security.web.authentication.logout.LogoutFilter@59d29065, org.springframework.security.web.authentication.UsernamePasswordAuthenticationFilter@59bbf82e, org.springframework.security.web.authentication.ui.DefaultLoginPageGeneratingFilter@77ad2767, org.springframework.security.web.authentication.ui.DefaultLogoutPageGeneratingFilter@554e9509, org.springframework.security.web.authentication.www.BasicAuthenticationFilter@55e88bc, org.springframework.security.web.savedrequest.RequestCacheAwareFilter@7533923b, org.springframework.security.web.servletapi.SecurityContextHolderAwareRequestFilter@446981a4, org.springframework.security.web.authentication.AnonymousAuthenticationFilter@acea29e, org.springframework.security.web.access.ExceptionTranslationFilter@4a0c04ab, org.springframework.security.web.access.intercept.AuthorizationFilter@1e38e8b6]
2024-05-09T15:53:39.455+02:00  INFO 166876 --- [clothlogix] [           main] c.f.c.ClothlogixApplicationTests         : Started ClothlogixApplicationTests in 6.335 seconds (process running for 7.697)
]]></system-out>
  </testcase>
</testsuite>